<?xml version="1.0" encoding="UTF-8"?>
<testng-results ignored="0" total="20" passed="20" failed="0" skipped="0">
  <reporter-output>
  </reporter-output>
  <suite started-at="2025-07-05T15:21:35 GMT" name="mk" finished-at="2025-07-05T15:22:57 GMT" duration-ms="82001">
    <groups>
    </groups>
    <test started-at="2025-07-05T15:21:35 GMT" name="two" finished-at="2025-07-05T15:22:29 GMT" duration-ms="54741">
      <class name="Tests.FlightRegistrationTests.FlightBookingTest">
        <test-method is-config="true" signature="BeforeTest(org.testng.ITestContext)[pri:0, instance:Tests.FlightRegistrationTests.FlightBookingTest@53251a66]" started-at="2025-07-05T15:21:35 GMT" name="BeforeTest" finished-at="2025-07-05T15:22:07 GMT" duration-ms="31837" status="PASS">
          <params>
            <param index="0">
              <value>
                <![CDATA[org.testng.TestRunner@c94fd30]]>
              </value>
            </param>
          </params>
          <reporter-output>
          </reporter-output>
        </test-method> <!-- BeforeTest -->
        <test-method is-config="true" signature="BeforeTests(java.lang.String)[pri:0, instance:Tests.FlightRegistrationTests.FlightBookingTest@53251a66]" started-at="2025-07-05T15:22:07 GMT" name="BeforeTests" finished-at="2025-07-05T15:22:08 GMT" depends-on-methods="Tests.BaseTest.BeforeTest" duration-ms="1214" status="PASS">
          <params>
            <param index="0">
              <value>
                <![CDATA[TestData/Data/FlightReservation/Passenger2.json]]>
              </value>
            </param>
          </params>
          <reporter-output>
          </reporter-output>
        </test-method> <!-- BeforeTests -->
        <test-method signature="Registration()[pri:0, instance:Tests.FlightRegistrationTests.FlightBookingTest@53251a66]" started-at="2025-07-05T15:22:08 GMT" name="Registration" finished-at="2025-07-05T15:22:20 GMT" duration-ms="12303" status="PASS">
          <reporter-output>
          </reporter-output>
        </test-method> <!-- Registration -->
        <test-method signature="successRegistration()[pri:0, instance:Tests.FlightRegistrationTests.FlightBookingTest@53251a66]" started-at="2025-07-05T15:22:20 GMT" name="successRegistration" finished-at="2025-07-05T15:22:22 GMT" depends-on-methods="Tests.FlightRegistrationTests.FlightBookingTest.Registration" duration-ms="2229" status="PASS">
          <reporter-output>
          </reporter-output>
        </test-method> <!-- successRegistration -->
        <test-method signature="searchFlight()[pri:0, instance:Tests.FlightRegistrationTests.FlightBookingTest@53251a66]" started-at="2025-07-05T15:22:22 GMT" name="searchFlight" finished-at="2025-07-05T15:22:26 GMT" depends-on-methods="Tests.FlightRegistrationTests.FlightBookingTest.successRegistration" duration-ms="3846" status="PASS">
          <reporter-output>
          </reporter-output>
        </test-method> <!-- searchFlight -->
        <test-method signature="selectFlights()[pri:0, instance:Tests.FlightRegistrationTests.FlightBookingTest@53251a66]" started-at="2025-07-05T15:22:26 GMT" name="selectFlights" finished-at="2025-07-05T15:22:28 GMT" depends-on-methods="Tests.FlightRegistrationTests.FlightBookingTest.searchFlight" duration-ms="1826" status="PASS">
          <reporter-output>
          </reporter-output>
        </test-method> <!-- selectFlights -->
        <test-method signature="flightConfirmationPage()[pri:0, instance:Tests.FlightRegistrationTests.FlightBookingTest@53251a66]" started-at="2025-07-05T15:22:28 GMT" name="flightConfirmationPage" finished-at="2025-07-05T15:22:29 GMT" depends-on-methods="Tests.FlightRegistrationTests.FlightBookingTest.selectFlights" duration-ms="657" status="PASS">
          <reporter-output>
          </reporter-output>
        </test-method> <!-- flightConfirmationPage -->
        <test-method is-config="true" signature="AfterTest()[pri:0, instance:Tests.FlightRegistrationTests.FlightBookingTest@53251a66]" started-at="2025-07-05T15:22:29 GMT" name="AfterTest" finished-at="2025-07-05T15:22:29 GMT" duration-ms="467" status="PASS">
          <reporter-output>
          </reporter-output>
        </test-method> <!-- AfterTest -->
      </class> <!-- Tests.FlightRegistrationTests.FlightBookingTest -->
    </test> <!-- two -->
    <test started-at="2025-07-05T15:21:35 GMT" name="one" finished-at="2025-07-05T15:22:31 GMT" duration-ms="56523">
      <class name="Tests.FlightRegistrationTests.FlightBookingTest">
        <test-method is-config="true" signature="BeforeTest(org.testng.ITestContext)[pri:0, instance:Tests.FlightRegistrationTests.FlightBookingTest@27adc16e]" started-at="2025-07-05T15:21:35 GMT" name="BeforeTest" finished-at="2025-07-05T15:22:07 GMT" duration-ms="31837" status="PASS">
          <params>
            <param index="0">
              <value>
                <![CDATA[org.testng.TestRunner@76f4b65]]>
              </value>
            </param>
          </params>
          <reporter-output>
          </reporter-output>
        </test-method> <!-- BeforeTest -->
        <test-method is-config="true" signature="BeforeTests(java.lang.String)[pri:0, instance:Tests.FlightRegistrationTests.FlightBookingTest@27adc16e]" started-at="2025-07-05T15:22:07 GMT" name="BeforeTests" finished-at="2025-07-05T15:22:08 GMT" depends-on-methods="Tests.BaseTest.BeforeTest" duration-ms="1214" status="PASS">
          <params>
            <param index="0">
              <value>
                <![CDATA[TestData/Data/FlightReservation/Passenger1.json]]>
              </value>
            </param>
          </params>
          <reporter-output>
          </reporter-output>
        </test-method> <!-- BeforeTests -->
        <test-method signature="Registration()[pri:0, instance:Tests.FlightRegistrationTests.FlightBookingTest@27adc16e]" started-at="2025-07-05T15:22:08 GMT" name="Registration" finished-at="2025-07-05T15:22:20 GMT" duration-ms="12287" status="PASS">
          <reporter-output>
          </reporter-output>
        </test-method> <!-- Registration -->
        <test-method signature="successRegistration()[pri:0, instance:Tests.FlightRegistrationTests.FlightBookingTest@27adc16e]" started-at="2025-07-05T15:22:20 GMT" name="successRegistration" finished-at="2025-07-05T15:22:22 GMT" depends-on-methods="Tests.FlightRegistrationTests.FlightBookingTest.Registration" duration-ms="2263" status="PASS">
          <reporter-output>
          </reporter-output>
        </test-method> <!-- successRegistration -->
        <test-method signature="searchFlight()[pri:0, instance:Tests.FlightRegistrationTests.FlightBookingTest@27adc16e]" started-at="2025-07-05T15:22:22 GMT" name="searchFlight" finished-at="2025-07-05T15:22:28 GMT" depends-on-methods="Tests.FlightRegistrationTests.FlightBookingTest.successRegistration" duration-ms="5614" status="PASS">
          <reporter-output>
          </reporter-output>
        </test-method> <!-- searchFlight -->
        <test-method signature="selectFlights()[pri:0, instance:Tests.FlightRegistrationTests.FlightBookingTest@27adc16e]" started-at="2025-07-05T15:22:28 GMT" name="selectFlights" finished-at="2025-07-05T15:22:30 GMT" depends-on-methods="Tests.FlightRegistrationTests.FlightBookingTest.searchFlight" duration-ms="2331" status="PASS">
          <reporter-output>
          </reporter-output>
        </test-method> <!-- selectFlights -->
        <test-method signature="flightConfirmationPage()[pri:0, instance:Tests.FlightRegistrationTests.FlightBookingTest@27adc16e]" started-at="2025-07-05T15:22:30 GMT" name="flightConfirmationPage" finished-at="2025-07-05T15:22:31 GMT" depends-on-methods="Tests.FlightRegistrationTests.FlightBookingTest.selectFlights" duration-ms="435" status="PASS">
          <reporter-output>
          </reporter-output>
        </test-method> <!-- flightConfirmationPage -->
        <test-method is-config="true" signature="AfterTest()[pri:0, instance:Tests.FlightRegistrationTests.FlightBookingTest@27adc16e]" started-at="2025-07-05T15:22:31 GMT" name="AfterTest" finished-at="2025-07-05T15:22:31 GMT" duration-ms="326" status="PASS">
          <reporter-output>
          </reporter-output>
        </test-method> <!-- AfterTest -->
      </class> <!-- Tests.FlightRegistrationTests.FlightBookingTest -->
    </test> <!-- one -->
    <test started-at="2025-07-05T15:21:35 GMT" name="four" finished-at="2025-07-05T15:22:55 GMT" duration-ms="80714">
      <class name="Tests.FlightRegistrationTests.FlightBookingTest">
        <test-method is-config="true" signature="BeforeSuite()[pri:0, instance:Tests.FlightRegistrationTests.FlightBookingTest@282cb7c7]" started-at="2025-07-05T15:21:35 GMT" name="BeforeSuite" finished-at="2025-07-05T15:21:35 GMT" duration-ms="111" status="PASS">
          <reporter-output>
          </reporter-output>
        </test-method> <!-- BeforeSuite -->
        <test-method is-config="true" signature="BeforeTest(org.testng.ITestContext)[pri:0, instance:Tests.FlightRegistrationTests.FlightBookingTest@282cb7c7]" started-at="2025-07-05T15:21:35 GMT" name="BeforeTest" finished-at="2025-07-05T15:22:34 GMT" duration-ms="58847" status="PASS">
          <params>
            <param index="0">
              <value>
                <![CDATA[org.testng.TestRunner@2c4d1ac]]>
              </value>
            </param>
          </params>
          <reporter-output>
          </reporter-output>
        </test-method> <!-- BeforeTest -->
        <test-method is-config="true" signature="BeforeTests(java.lang.String)[pri:0, instance:Tests.FlightRegistrationTests.FlightBookingTest@282cb7c7]" started-at="2025-07-05T15:22:34 GMT" name="BeforeTests" finished-at="2025-07-05T15:22:34 GMT" depends-on-methods="Tests.BaseTest.BeforeTest" duration-ms="4" status="PASS">
          <params>
            <param index="0">
              <value>
                <![CDATA[TestData/Data/FlightReservation/Passenger3.json]]>
              </value>
            </param>
          </params>
          <reporter-output>
          </reporter-output>
        </test-method> <!-- BeforeTests -->
        <test-method signature="Registration()[pri:0, instance:Tests.FlightRegistrationTests.FlightBookingTest@282cb7c7]" started-at="2025-07-05T15:22:34 GMT" name="Registration" finished-at="2025-07-05T15:22:47 GMT" duration-ms="13613" status="PASS">
          <reporter-output>
          </reporter-output>
        </test-method> <!-- Registration -->
        <test-method signature="successRegistration()[pri:0, instance:Tests.FlightRegistrationTests.FlightBookingTest@282cb7c7]" started-at="2025-07-05T15:22:47 GMT" name="successRegistration" finished-at="2025-07-05T15:22:50 GMT" depends-on-methods="Tests.FlightRegistrationTests.FlightBookingTest.Registration" duration-ms="2685" status="PASS">
          <reporter-output>
          </reporter-output>
        </test-method> <!-- successRegistration -->
        <test-method signature="searchFlight()[pri:0, instance:Tests.FlightRegistrationTests.FlightBookingTest@282cb7c7]" started-at="2025-07-05T15:22:50 GMT" name="searchFlight" finished-at="2025-07-05T15:22:52 GMT" depends-on-methods="Tests.FlightRegistrationTests.FlightBookingTest.successRegistration" duration-ms="2559" status="PASS">
          <reporter-output>
          </reporter-output>
        </test-method> <!-- searchFlight -->
        <test-method signature="selectFlights()[pri:0, instance:Tests.FlightRegistrationTests.FlightBookingTest@282cb7c7]" started-at="2025-07-05T15:22:52 GMT" name="selectFlights" finished-at="2025-07-05T15:22:54 GMT" depends-on-methods="Tests.FlightRegistrationTests.FlightBookingTest.searchFlight" duration-ms="1493" status="PASS">
          <reporter-output>
          </reporter-output>
        </test-method> <!-- selectFlights -->
        <test-method signature="flightConfirmationPage()[pri:0, instance:Tests.FlightRegistrationTests.FlightBookingTest@282cb7c7]" started-at="2025-07-05T15:22:54 GMT" name="flightConfirmationPage" finished-at="2025-07-05T15:22:55 GMT" depends-on-methods="Tests.FlightRegistrationTests.FlightBookingTest.selectFlights" duration-ms="1318" status="PASS">
          <reporter-output>
          </reporter-output>
        </test-method> <!-- flightConfirmationPage -->
        <test-method is-config="true" signature="AfterTest()[pri:0, instance:Tests.FlightRegistrationTests.FlightBookingTest@282cb7c7]" started-at="2025-07-05T15:22:55 GMT" name="AfterTest" finished-at="2025-07-05T15:22:55 GMT" duration-ms="128" status="PASS">
          <reporter-output>
          </reporter-output>
        </test-method> <!-- AfterTest -->
      </class> <!-- Tests.FlightRegistrationTests.FlightBookingTest -->
    </test> <!-- four -->
    <test started-at="2025-07-05T15:21:35 GMT" name="three" finished-at="2025-07-05T15:22:57 GMT" duration-ms="81971">
      <class name="Tests.FlightRegistrationTests.FlightBookingTest">
        <test-method is-config="true" signature="BeforeTest(org.testng.ITestContext)[pri:0, instance:Tests.FlightRegistrationTests.FlightBookingTest@352c1b98]" started-at="2025-07-05T15:21:35 GMT" name="BeforeTest" finished-at="2025-07-05T15:22:34 GMT" duration-ms="58823" status="PASS">
          <params>
            <param index="0">
              <value>
                <![CDATA[org.testng.TestRunner@36328d33]]>
              </value>
            </param>
          </params>
          <reporter-output>
          </reporter-output>
        </test-method> <!-- BeforeTest -->
        <test-method is-config="true" signature="BeforeTests(java.lang.String)[pri:0, instance:Tests.FlightRegistrationTests.FlightBookingTest@352c1b98]" started-at="2025-07-05T15:22:34 GMT" name="BeforeTests" finished-at="2025-07-05T15:22:34 GMT" depends-on-methods="Tests.BaseTest.BeforeTest" duration-ms="47" status="PASS">
          <params>
            <param index="0">
              <value>
                <![CDATA[TestData/Data/FlightReservation/Passenger3.json]]>
              </value>
            </param>
          </params>
          <reporter-output>
          </reporter-output>
        </test-method> <!-- BeforeTests -->
        <test-method signature="Registration()[pri:0, instance:Tests.FlightRegistrationTests.FlightBookingTest@352c1b98]" started-at="2025-07-05T15:22:34 GMT" name="Registration" finished-at="2025-07-05T15:22:47 GMT" duration-ms="13589" status="PASS">
          <reporter-output>
          </reporter-output>
        </test-method> <!-- Registration -->
        <test-method signature="successRegistration()[pri:0, instance:Tests.FlightRegistrationTests.FlightBookingTest@352c1b98]" started-at="2025-07-05T15:22:47 GMT" name="successRegistration" finished-at="2025-07-05T15:22:50 GMT" depends-on-methods="Tests.FlightRegistrationTests.FlightBookingTest.Registration" duration-ms="2732" status="PASS">
          <reporter-output>
          </reporter-output>
        </test-method> <!-- successRegistration -->
        <test-method signature="searchFlight()[pri:0, instance:Tests.FlightRegistrationTests.FlightBookingTest@352c1b98]" started-at="2025-07-05T15:22:50 GMT" name="searchFlight" finished-at="2025-07-05T15:22:54 GMT" depends-on-methods="Tests.FlightRegistrationTests.FlightBookingTest.successRegistration" duration-ms="3709" status="PASS">
          <reporter-output>
          </reporter-output>
        </test-method> <!-- searchFlight -->
        <test-method signature="selectFlights()[pri:0, instance:Tests.FlightRegistrationTests.FlightBookingTest@352c1b98]" started-at="2025-07-05T15:22:54 GMT" name="selectFlights" finished-at="2025-07-05T15:22:55 GMT" depends-on-methods="Tests.FlightRegistrationTests.FlightBookingTest.searchFlight" duration-ms="1545" status="PASS">
          <reporter-output>
          </reporter-output>
        </test-method> <!-- selectFlights -->
        <test-method signature="flightConfirmationPage()[pri:0, instance:Tests.FlightRegistrationTests.FlightBookingTest@352c1b98]" started-at="2025-07-05T15:22:55 GMT" name="flightConfirmationPage" finished-at="2025-07-05T15:22:56 GMT" depends-on-methods="Tests.FlightRegistrationTests.FlightBookingTest.selectFlights" duration-ms="1249" status="PASS">
          <reporter-output>
          </reporter-output>
        </test-method> <!-- flightConfirmationPage -->
        <test-method is-config="true" signature="AfterTest()[pri:0, instance:Tests.FlightRegistrationTests.FlightBookingTest@352c1b98]" started-at="2025-07-05T15:22:56 GMT" name="AfterTest" finished-at="2025-07-05T15:22:57 GMT" duration-ms="191" status="PASS">
          <reporter-output>
          </reporter-output>
        </test-method> <!-- AfterTest -->
      </class> <!-- Tests.FlightRegistrationTests.FlightBookingTest -->
    </test> <!-- three -->
  </suite> <!-- mk -->
</testng-results>
